Determining if the pthread_create exist failed with the following output:
Change Dir: /ifs/home/jesanchez/git/catkin_ws/build/CMakeFiles/CMakeTmp

Run Build Command:"/usr/bin/make" "cmTC_641f6/fast"
/usr/bin/make -f CMakeFiles/cmTC_641f6.dir/build.make CMakeFiles/cmTC_641f6.dir/build
make[1]: Entering directory '/ifs/home/jesanchez/git/catkin_ws/build/CMakeFiles/CMakeTmp'
Building C object CMakeFiles/cmTC_641f6.dir/CheckSymbolExists.c.o
/usr/bin/cc     -o CMakeFiles/cmTC_641f6.dir/CheckSymbolExists.c.o   -c /ifs/home/jesanchez/git/catkin_ws/build/CMakeFiles/CMakeTmp/CheckSymbolExists.c
Linking C executable cmTC_641f6
/usr/bin/cmake -E cmake_link_script CMakeFiles/cmTC_641f6.dir/link.txt --verbose=1
/usr/bin/cc       CMakeFiles/cmTC_641f6.dir/CheckSymbolExists.c.o  -o cmTC_641f6 -rdynamic 
CMakeFiles/cmTC_641f6.dir/CheckSymbolExists.c.o: In function `main':
CheckSymbolExists.c:(.text+0x16): undefined reference to `pthread_create'
collect2: error: ld returned 1 exit status
CMakeFiles/cmTC_641f6.dir/build.make:97: recipe for target 'cmTC_641f6' failed
make[1]: *** [cmTC_641f6] Error 1
make[1]: Leaving directory '/ifs/home/jesanchez/git/catkin_ws/build/CMakeFiles/CMakeTmp'
Makefile:126: recipe for target 'cmTC_641f6/fast' failed
make: *** [cmTC_641f6/fast] Error 2

File /ifs/home/jesanchez/git/catkin_ws/build/CMakeFiles/CMakeTmp/CheckSymbolExists.c:
/* */
#include <pthread.h>

int main(int argc, char** argv)
{
  (void)argv;
#ifndef pthread_create
  return ((int*)(&pthread_create))[argc];
#else
  (void)argc;
  return 0;
#endif
}

Determining if the function pthread_create exists in the pthreads failed with the following output:
Change Dir: /ifs/home/jesanchez/git/catkin_ws/build/CMakeFiles/CMakeTmp

Run Build Command:"/usr/bin/make" "cmTC_e06d9/fast"
/usr/bin/make -f CMakeFiles/cmTC_e06d9.dir/build.make CMakeFiles/cmTC_e06d9.dir/build
make[1]: Entering directory '/ifs/home/jesanchez/git/catkin_ws/build/CMakeFiles/CMakeTmp'
Building C object CMakeFiles/cmTC_e06d9.dir/CheckFunctionExists.c.o
/usr/bin/cc    -DCHECK_FUNCTION_EXISTS=pthread_create   -o CMakeFiles/cmTC_e06d9.dir/CheckFunctionExists.c.o   -c /usr/share/cmake-3.5/Modules/CheckFunctionExists.c
Linking C executable cmTC_e06d9
/usr/bin/cmake -E cmake_link_script CMakeFiles/cmTC_e06d9.dir/link.txt --verbose=1
/usr/bin/cc   -DCHECK_FUNCTION_EXISTS=pthread_create    CMakeFiles/cmTC_e06d9.dir/CheckFunctionExists.c.o  -o cmTC_e06d9 -rdynamic -lpthreads 
/usr/bin/ld: cannot find -lpthreads
collect2: error: ld returned 1 exit status
CMakeFiles/cmTC_e06d9.dir/build.make:97: recipe for target 'cmTC_e06d9' failed
make[1]: *** [cmTC_e06d9] Error 1
make[1]: Leaving directory '/ifs/home/jesanchez/git/catkin_ws/build/CMakeFiles/CMakeTmp'
Makefile:126: recipe for target 'cmTC_e06d9/fast' failed
make: *** [cmTC_e06d9/fast] Error 2


